c:\users\desktop\kursach--master\kursach-\x64\debug\vc142.pdb
c:\users\desktop\kursach--master\kursach-\x64\debug\vc142.idb
c:\users\desktop\kursach--master\kursach-\x64\debug\select.obj
c:\users\desktop\kursach--master\kursach-\x64\debug\process.obj
c:\users\desktop\kursach--master\kursach-\x64\debug\output.obj
c:\users\desktop\kursach--master\kursach-\x64\debug\kursach.obj
c:\users\desktop\kursach--master\kursach-\x64\debug\input.obj
c:\users\desktop\kursach--master\kursach-\x64\debug\edit.obj
c:\users\desktop\kursach--master\kursach-\x64\debug\delete.obj
c:\users\desktop\kursach--master\kursach-\x64\debug\kursach.ilk
c:\users\desktop\kursach--master\kursach-\x64\debug\kursach.exe
c:\users\desktop\kursach--master\kursach-\x64\debug\kursach.pdb
c:\users\desktop\kursach--master\kursach-\x64\debug\kursach.res
c:\users\desktop\kursach--master\kursach-\x64\debug\kursach.tlog\cl.command.1.tlog
c:\users\desktop\kursach--master\kursach-\x64\debug\kursach.tlog\cl.read.1.tlog
c:\users\desktop\kursach--master\kursach-\x64\debug\kursach.tlog\cl.write.1.tlog
c:\users\desktop\kursach--master\kursach-\x64\debug\kursach.tlog\link.command.1.tlog
c:\users\desktop\kursach--master\kursach-\x64\debug\kursach.tlog\link.read.1.tlog
c:\users\desktop\kursach--master\kursach-\x64\debug\kursach.tlog\link.write.1.tlog
c:\users\desktop\kursach--master\kursach-\x64\debug\kursach.tlog\rc.command.1.tlog
c:\users\desktop\kursach--master\kursach-\x64\debug\kursach.tlog\rc.read.1.tlog
c:\users\desktop\kursach--master\kursach-\x64\debug\kursach.tlog\rc.write.1.tlog
